<?xml version="1.0" encoding="UTF-8"?>
<project name="JUnit Example" default="test" basedir=".">
  
    <target name="init">
        <property name="src.dir" value="../src" />
        <property name="reports.dir" value="reports" />
        <property name="build.dir" value="build" />
        <path id="junit.class.path">
            <pathelement location="lib/junit.jar" />
            <pathelement location="${build.dir}" />
        </path>
    </target>
    
    <target name="compile" depends="init">
        <javac srcdir="${src.dir}" destdir="${build.dir}" includeantruntime="false">
            <classpath refid="junit.class.path" />
        </javac>
    </target>
    
    <target name="test" depends="compile">
        <junit printsummary="yes" haltonfailure="yes" showoutput="yes" >
            <classpath refid="junit.class.path" />
            <formatter type="xml" />
            <batchtest fork="yes" todir="${reports.dir}/">
                <formatter type="xml"/>
                <fileset dir="${src.dir}">
                    <include name="*Test*.java"/>
                </fileset>
            </batchtest>
        </junit>
    </target>
    
    <target name="report" depends="init">
        <junitreport todir="${reports.dir}">
            <fileset dir="${reports.dir}" includes="TEST-*.xml"/>
            <report format="noframes" todir="${reports.dir}"/>
        </junitreport>
    </target>
    
</project>
