<?xml version="1.0" encoding="UTF-8" ?>
<testsuite errors="0" failures="0" hostname="CSCVIEAI560133" name="TestMath" skipped="0" tests="2" time="0.046" timestamp="2018-07-16T10:36:42">
  <properties>
    <property name="ant.project.invoked-targets" value="test" />
    <property name="java.runtime.name" value="Java(TM) SE Runtime Environment" />
    <property name="sun.boot.library.path" value="C:\project\JAVA\jdk1.8\bin" />
    <property name="java.vm.version" value="25.162-b12" />
    <property name="ant.library.dir" value="E:\file eclipse\eclipse-jee-oxygen-R-win32-x86_64\eclipse\plugins\org.apache.ant_1.10.1.v20170504-0840\lib" />
    <property name="ant.version" value="Apache Ant(TM) version 1.10.1 compiled on February 2 2017" />
    <property name="ant.java.version" value="1.8" />
    <property name="java.vm.vendor" value="Oracle Corporation" />
    <property name="java.vendor.url" value="http://java.oracle.com/" />
    <property name="path.separator" value=";" />
    <property name="java.vm.name" value="Java HotSpot(TM) 64-Bit Server VM" />
    <property name="file.encoding.pkg" value="sun.io" />
    <property name="user.script" value="" />
    <property name="user.country" value="US" />
    <property name="sun.java.launcher" value="SUN_STANDARD" />
    <property name="sun.os.patch.level" value="" />
    <property name="java.vm.specification.name" value="Java Virtual Machine Specification" />
    <property name="user.dir" value="C:\Users\tle249\Documents\Learning document\learning in pluralsight\Learning Ant\2-apache-ant-fundamentals-m2-tasks-exercise-files\junit" />
    <property name="java.runtime.version" value="1.8.0_162-b12" />
    <property name="java.awt.graphicsenv" value="sun.awt.Win32GraphicsEnvironment" />
    <property name="basedir" value="C:\Users\tle249\Documents\Learning document\learning in pluralsight\Learning Ant\2-apache-ant-fundamentals-m2-tasks-exercise-files\junit" />
    <property name="java.endorsed.dirs" value="C:\project\JAVA\jdk1.8\lib\endorsed" />
    <property name="os.arch" value="amd64" />
    <property name="ant.project.default-target" value="test" />
    <property name="java.io.tmpdir" value="C:\Users\tle249\AppData\Local\Temp\1\" />
    <property name="ant.core.lib" value="E:\file eclipse\eclipse-jee-oxygen-R-win32-x86_64\eclipse\plugins\org.apache.ant_1.10.1.v20170504-0840\lib\ant.jar" />
    <property name="line.separator" value="&#xd;&#xa;" />
    <property name="java.vm.specification.vendor" value="Oracle Corporation" />
    <property name="user.variant" value="" />
    <property name="os.name" value="Windows 10" />
    <property name="ant.home" value="E:\file eclipse\eclipse-jee-oxygen-R-win32-x86_64\eclipse\plugins\org.apache.ant_1.10.1.v20170504-0840" />
    <property name="build.dir" value="build" />
    <property name="ant.project.name" value="JUnit Example" />
    <property name="sun.jnu.encoding" value="Cp1252" />
    <property name="java.library.path" value="C:\project\JAVA\jdk1.8\bin;C:\Windows\Sun\Java\bin;C:\Windows\system32;C:\Windows;C:\ProgramData\Oracle\Java\javapath;C:\Windows\system32;C:\Windows;C:\Windows\System32\Wbem;C:\Windows\System32\WindowsPowerShell\v1.0\;C:\Program Files (x86)\CheckPoint\Endpoint Security\Endpoint Common\bin;C:\Program Files (x86)\Symantec\VIP Access Client\;C:\Program Files (x86)\Brackets\command;C:\Program Files\TortoiseSVN\bin;C:\project\apache-ant-1.9.10\bin;C:\project\apache-tomcat-8.5.27\bin;C:\apache-maven-3.5.3\bin;C:\Program Files\Microsoft SQL Server\110\Tools\Binn\;C:\project\JAVA\jdk8\bin;C:\Users\tle249\.dnx\bin;C:\Program Files\Microsoft DNX\Dnvm\;C:\Program Files (x86)\Windows Kits\8.1\Windows Performance Toolkit\;C:\Program Files\Microsoft SQL Server\120\Tools\Binn\;." />
    <property name="java.class.version" value="52.0" />
    <property name="java.specification.name" value="Java Platform API Specification" />
    <property name="ant.file.JUnit Example" value="C:\Users\tle249\Documents\Learning document\learning in pluralsight\Learning Ant\2-apache-ant-fundamentals-m2-tasks-exercise-files\junit\junit.xml" />
    <property name="sun.management.compiler" value="HotSpot 64-Bit Tiered Compilers" />
    <property name="os.version" value="10.0" />
    <property name="ant.file" value="C:\Users\tle249\Documents\Learning document\learning in pluralsight\Learning Ant\2-apache-ant-fundamentals-m2-tasks-exercise-files\junit\junit.xml" />
    <property name="user.home" value="C:\Users\tle249" />
    <property name="user.timezone" value="" />
    <property name="java.awt.printerjob" value="sun.awt.windows.WPrinterJob" />
    <property name="java.specification.version" value="1.8" />
    <property name="file.encoding" value="Cp1252" />
    <property name="ant.file.type.JUnit Example" value="file" />
    <property name="user.name" value="tle249" />
    <property name="java.class.path" value="C:\Users\tle249\Documents\Learning document\learning in pluralsight\Learning Ant\2-apache-ant-fundamentals-m2-tasks-exercise-files\junit\lib\junit.jar;C:\Users\tle249\Documents\Learning document\learning in pluralsight\Learning Ant\2-apache-ant-fundamentals-m2-tasks-exercise-files\junit\build;E:\file eclipse\eclipse-jee-oxygen-R-win32-x86_64\eclipse\plugins\org.apache.ant_1.10.1.v20170504-0840\lib\ant-launcher.jar;E:\file eclipse\eclipse-jee-oxygen-R-win32-x86_64\eclipse\plugins\org.apache.ant_1.10.1.v20170504-0840\lib\ant.jar;E:\file eclipse\eclipse-jee-oxygen-R-win32-x86_64\eclipse\plugins\org.apache.ant_1.10.1.v20170504-0840\lib\ant-junit.jar;E:\file eclipse\eclipse-jee-oxygen-R-win32-x86_64\eclipse\plugins\org.apache.ant_1.10.1.v20170504-0840\lib\ant-junit4.jar" />
    <property name="reports.dir" value="reports" />
    <property name="java.vm.specification.version" value="1.8" />
    <property name="sun.java.command" value="org.apache.tools.ant.taskdefs.optional.junit.JUnitTestRunner TestMath skipNonTests=false filtertrace=true haltOnError=false haltOnFailure=true formatter=org.apache.tools.ant.taskdefs.optional.junit.SummaryJUnitResultFormatter showoutput=true outputtoformatters=true logfailedtests=true threadid=0 logtestlistenerevents=false formatter=org.apache.tools.ant.taskdefs.optional.junit.XMLJUnitResultFormatter,C:\Users\tle249\Documents\Learning document\learning in pluralsight\Learning Ant\2-apache-ant-fundamentals-m2-tasks-exercise-files\junit\reports\TEST-TestMath.xml formatter=org.apache.tools.ant.taskdefs.optional.junit.XMLJUnitResultFormatter,C:\Users\tle249\Documents\Learning document\learning in pluralsight\Learning Ant\2-apache-ant-fundamentals-m2-tasks-exercise-files\junit\reports\TEST-TestMath.xml crashfile=C:\Users\tle249\Documents\Learning document\learning in pluralsight\Learning Ant\2-apache-ant-fundamentals-m2-tasks-exercise-files\junit\junitvmwatcher8860091893929278562.properties propsfile=C:\Users\tle249\Documents\Learning document\learning in pluralsight\Learning Ant\2-apache-ant-fundamentals-m2-tasks-exercise-files\junit\junit1339223105277436822.properties" />
    <property name="sun.arch.data.model" value="64" />
    <property name="java.home" value="C:\project\JAVA\jdk1.8" />
    <property name="java.specification.vendor" value="Oracle Corporation" />
    <property name="user.language" value="en" />
    <property name="awt.toolkit" value="sun.awt.windows.WToolkit" />
    <property name="java.vm.info" value="mixed mode" />
    <property name="java.version" value="1.8.0_162" />
    <property name="java.ext.dirs" value="C:\project\JAVA\jdk1.8\lib\ext;C:\Windows\Sun\Java\lib\ext" />
    <property name="sun.boot.class.path" value="C:\project\JAVA\jdk1.8\lib\resources.jar;C:\project\JAVA\jdk1.8\lib\rt.jar;C:\project\JAVA\jdk1.8\lib\sunrsasign.jar;C:\project\JAVA\jdk1.8\lib\jsse.jar;C:\project\JAVA\jdk1.8\lib\jce.jar;C:\project\JAVA\jdk1.8\lib\charsets.jar;C:\project\JAVA\jdk1.8\lib\jfr.jar;C:\project\JAVA\jdk1.8\classes" />
    <property name="java.vendor" value="Oracle Corporation" />
    <property name="file.separator" value="\" />
    <property name="java.vendor.url.bug" value="http://bugreport.sun.com/bugreport/" />
    <property name="src.dir" value="../src" />
    <property name="sun.cpu.endian" value="little" />
    <property name="sun.io.unicode.encoding" value="UnicodeLittle" />
    <property name="sun.desktop" value="windows" />
    <property name="sun.cpu.isalist" value="amd64" />
  </properties>
  <testcase classname="TestMath" name="testAdd" time="0.001" />
  <testcase classname="TestMath" name="testMulitply" time="0.0" />
  <system-out><![CDATA[]]></system-out>
  <system-err><![CDATA[]]></system-err>
</testsuite>
